<?xml version="1.0" encoding="UTF-8"?>
<!-- Generated by org.testng.reporters.JUnitReportReporter -->
<testsuite hostname="DESKTOP-J7DNQ9P" failures="0" tests="1" name="TestCases.NopCommerceAdminLogin" time="12.977" errors="0" timestamp="2024-02-14T17:56:29 IST" skipped="0">
  <testcase classname="TestCases.NopCommerceAdminLogin" name="openapplication" time="12.977"/>
</testsuite> <!-- TestCases.NopCommerceAdminLogin -->
