<?xml version="1.0" encoding="UTF-8"?>
<!-- Generated by org.testng.reporters.JUnitReportReporter -->
<testsuite hostname="DESKTOP-J7DNQ9P" failures="0" tests="1" name="TestCases.LoginTest_001" time="8.836" errors="0" timestamp="2024-03-07T16:27:31 IST" skipped="0">
  <testcase classname="TestCases.LoginTest_001" name="logintest" time="8.836"/>
</testsuite> <!-- TestCases.LoginTest_001 -->
